<?xml version="1.0" encoding="UTF-8" standalone="no"?><testsuite errors="0" failures="0" hostname="DESKTOP-MS3QF2I" name="default.ParallelFirstOrderOperationEquivalenceTests" tests="16" time="0.169000"><properties><property name="java.runtime.name" value="OpenJDK Runtime Environment"/><property name="ibm.signalhandling.rs" value="false"/><property name="sun.boot.library.path" value="C:\Program Files\Java\jdk-8.0.222.10-openj9\jre\bin\compressedrefs;C:\Program Files\Java\jdk-8.0.222.10-openj9\jre\bin"/><property name="java.vm.version" value="openj9-0.15.1"/><property name="com.ibm.oti.configuration" value="scar"/><property name="java.vm.vendor" value="Eclipse OpenJ9"/><property name="java.vendor.url" value="http://www.eclipse.org/openj9"/><property name="path.separator" value=";"/><property name="java.vm.name" value="Eclipse OpenJ9 VM"/><property name="file.encoding.pkg" value="sun.io"/><property name="user.country" value="GB"/><property name="sun.java.launcher" value="SUN_STANDARD"/><property name="user.dir" value="C:\Users\Sina-\Projects\Epsilon\org.eclipse.epsilon\tests\org.eclipse.epsilon.test.unit"/><property name="java.vm.specification.name" value="Java Virtual Machine Specification"/><property name="java.runtime.version" value="1.8.0_222-b10"/><property name="jdk.extensions.name" value="Extensions for OpenJDK for Eclipse OpenJ9"/><property name="java.fullversion" value="1.8.0_222-b10&#10;JRE 1.8.0 Windows 10 amd64-64-Bit Compressed References 20190717_421 (JIT enabled, AOT enabled)&#10;OpenJ9   - 0f66c6431&#10;OMR      - ec782f26&#10;JCL      - f147086df1e based on jdk8u222-b10"/><property name="java.awt.graphicsenv" value="sun.awt.Win32GraphicsEnvironment"/><property name="java.endorsed.dirs" value="C:\Program Files\Java\jdk-8.0.222.10-openj9\jre\lib\endorsed"/><property name="os.arch" value="amd64"/><property name="com.ibm.vm.bitmode" value="64"/><property name="java.io.tmpdir" value="C:\Users\Sina-\AppData\Local\Temp\"/><property name="line.separator" value="&#13;&#10;"/><property name="com.ibm.system.agent.path" value="C:\Program Files\Java\jdk-8.0.222.10-openj9\jre\bin"/><property name="com.ibm.util.extralibs.properties" value=""/><property name="java.vm.specification.vendor" value="Oracle Corporation"/><property name="user.variant" value=""/><property name="java.awt.fonts" value=""/><property name="os.name" value="Windows 10"/><property name="sun.jnu.encoding" value="Cp1252"/><property name="java.library.path" value="C:\Program Files\MATLAB\R2020a\bin\win64;C:\Program Files\Java\jdk-8.0.222.10-openj9\jre\bin\compressedrefs;C:\Program Files\Java\jdk-8.0.222.10-openj9\jre\bin;C:\Windows\system32;C:\Windows;C:/Program Files/Java/jdk-14/bin/server;C:/Program Files/Java/jdk-14/bin;C:\Program Files\Python37\Scripts\;C:\Program Files\Python37\;C:\Windows\system32;C:\Windows;C:\Windows\System32\Wbem;C:\Windows\System32\WindowsPowerShell\v1.0\;C:\Windows\System32\OpenSSH\;C:\Program Files\Java\jdk-14\bin;C:\Program Files\MATLAB\R2020a\bin\win64;C:\Program Files (x86)\NVIDIA Corporation\PhysX\Common;C:\Program Files\Git\cmd;C:\Program Files\7-Zip;C:\Program Files\MiKTeX 2.9\miktex\bin\x64\;C:\Users\Sina-\AppData\Local\Microsoft\WindowsApps;C:\Users\Sina-\AppData\Local\Programs\Microsoft VS Code\bin;C:\Users\Sina-\OneDrive\Programming\Utilities\bin\Win64;C:\Tools\ActiveMQ\Artemis\bin;C:\Program Files\MATLAB\R2019a\bin;C:\Program Files\MATLAB\R2019a\bin\win64;C:\Tools\Maven\bin;C:\Program Files (x86)\FAHClient;C:\Users\Sina-\Desktop;;."/><property name="com.ibm.oti.vm.bootstrap.library.path" value="C:\Program Files\Java\jdk-8.0.222.10-openj9\jre\bin\compressedrefs;C:\Program Files\Java\jdk-8.0.222.10-openj9\jre\bin"/><property name="com.ibm.cpu.endian" value="little"/><property name="java.specification.name" value="Java Platform API Specification"/><property name="java.class.version" value="52.0"/><property name="ibm.system.encoding" value="Cp1252"/><property name="os.version" value="10.0"/><property name="com.ibm.oti.vm.library.version" value="29"/><property name="com.ibm.jcl.checkClassPath" value=""/><property name="user.home" value="C:\Users\Sina-"/><property name="user.timezone" value="Europe/London"/><property name="java.awt.printerjob" value="sun.awt.windows.WPrinterJob"/><property name="file.encoding" value="Cp1252"/><property name="java.specification.version" value="1.8"/><property name="user.name" value="Sina-"/><property name="java.class.path" value="C:\Users\Sina-\eclipse-workspace\.metadata\.plugins\org.eclipse.pde.core\.bundle_pool\plugins\org.junit_4.13.0.v20200204-1500.jar;C:\Users\Sina-\eclipse-workspace\.metadata\.plugins\org.eclipse.pde.core\.bundle_pool\plugins\org.hamcrest.core_1.3.0.v20180420-1519.jar;C:\Users\Sina-\eclipse-workspace\.metadata\.plugins\org.eclipse.pde.core\.bundle_pool\plugins\org.hamcrest.library_1.3.0.v20180524-2246.jar;C:\Users\Sina-\Projects\Epsilon\org.eclipse.epsilon\tests\org.easymock_2.4\easymock.jar;C:\Users\Sina-\Projects\Epsilon\org.eclipse.epsilon\tests\org.easymock_2.4\easymockclassextension.jar;C:\Users\Sina-\Projects\Epsilon\org.eclipse.epsilon\tests\org.easymock_2.4\cglib-2.1_3-src.jar;C:\Users\Sina-\Projects\Epsilon\org.eclipse.epsilon\tests\org.easymock_2.4\cglib-nodep-2.1_3.jar;C:\Users\Sina-\eclipse-workspace\.metadata\.plugins\org.eclipse.pde.core\.bundle_pool\plugins\org.mockito_2.13.0.v20180426-1843.jar;C:\Users\Sina-\eclipse-workspace\.metadata\.plugins\org.eclipse.pde.core\.bundle_pool\plugins\net.bytebuddy.byte-buddy_1.7.9.v20180420-1519.jar;C:\Users\Sina-\eclipse-workspace\.metadata\.plugins\org.eclipse.pde.core\.bundle_pool\plugins\net.bytebuddy.byte-buddy-agent_1.7.9.v20180420-1519.jar;C:\Users\Sina-\eclipse-workspace\.metadata\.plugins\org.eclipse.pde.core\.bundle_pool\plugins\org.objenesis_2.6.0.v20180420-1519.jar;C:\Users\Sina-\Projects\Epsilon\org.eclipse.epsilon\plugins\org.eclipse.epsilon.common\bin;C:\Users\Sina-\eclipse-workspace\.metadata\.plugins\org.eclipse.pde.core\.bundle_pool\plugins\org.antlr.runtime_3.2.0.v201101311130.jar;C:\Users\Sina-\Projects\Epsilon\org.eclipse.epsilon\plugins\org.eclipse.epsilon.eol.engine\bin;C:\Users\Sina-\Projects\Epsilon\org.eclipse.epsilon\plugins\org.eclipse.epsilon.common.dt\bin;C:\Users\Sina-\eclipse-workspace\.metadata\.plugins\org.eclipse.pde.core\.bundle_pool\plugins\org.eclipse.core.variables_3.4.800.v20200120-1101.jar;C:\Users\Sina-\eclipse-workspace\.metadata\.plugins\org.eclipse.pde.core\.bundle_pool\plugins\org.eclipse.core.runtime_3.17.100.v20200203-0917.jar;C:\Users\Sina-\eclipse-workspace\.metadata\.plugins\org.eclipse.pde.core\.bundle_pool\plugins\org.eclipse.osgi_3.15.200.v20200214-1600.jar;C:\Users\Sina-\eclipse-workspace\.metadata\.plugins\org.eclipse.pde.core\.bundle_pool\plugins\org.eclipse.equinox.weaving.hook_1.2.600.v20191213-1901.jar;C:\Users\Sina-\eclipse-workspace\.metadata\.plugins\org.eclipse.pde.core\.bundle_pool\plugins\org.eclipse.osgi.compatibility.state_1.1.700.v20200207-2156.jar;C:\Users\Sina-\eclipse-workspace\.metadata\.plugins\org.eclipse.pde.core\.bundle_pool\plugins\org.eclipse.equinox.transforms.hook_1.2.500.v20190714-1852.jar;C:\Users\Sina-\eclipse-workspace\.metadata\.plugins\org.eclipse.pde.core\.bundle_pool\plugins\org.eclipse.equinox.region_1.4.600.v20191002-1632.jar;C:\Users\Sina-\eclipse-workspace\.metadata\.plugins\org.eclipse.pde.core\.bundle_pool\plugins\org.eclipse.equinox.common_3.11.0.v20200206-0817.jar;C:\Users\Sina-\eclipse-workspace\.metadata\.plugins\org.eclipse.pde.core\.bundle_pool\plugins\org.eclipse.core.jobs_3.10.700.v20200106-1020.jar;C:\Users\Sina-\eclipse-workspace\.metadata\.plugins\org.eclipse.pde.core\.bundle_pool\plugins\org.eclipse.equinox.registry_3.8.700.v20200121-1457.jar;C:\Users\Sina-\eclipse-workspace\.metadata\.plugins\org.eclipse.pde.core\.bundle_pool\plugins\org.eclipse.equinox.preferences_3.7.700.v20191213-1901.jar;C:\Users\Sina-\eclipse-workspace\.metadata\.plugins\org.eclipse.pde.core\.bundle_pool\plugins\org.eclipse.core.contenttype_3.7.600.v20200124-1609.jar;C:\Users\Sina-\eclipse-workspace\.metadata\.plugins\org.eclipse.pde.core\.bundle_pool\plugins\org.eclipse.equinox.app_1.4.400.v20191212-0743.jar;C:\Users\Sina-\eclipse-workspace\.metadata\.plugins\org.eclipse.pde.core\.bundle_pool\plugins\org.eclipse.jface.text_3.16.200.v20200218-0828.jar;C:\Users\Sina-\eclipse-workspace\.metadata\.plugins\org.eclipse.pde.core\.bundle_pool\plugins\org.eclipse.text_3.10.100.v20200217-1239.jar;C:\Users\Sina-\eclipse-workspace\.metadata\.plugins\org.eclipse.pde.core\.bundle_pool\plugins\org.eclipse.ui_3.116.0.v20200203-1308.jar;C:\Users\Sina-\eclipse-workspace\.metadata\.plugins\org.eclipse.pde.core\.bundle_pool\plugins\org.eclipse.swt_3.114.0.v20200304-0601.jar;C:\Users\Sina-\eclipse-workspace\.metadata\.plugins\org.eclipse.pde.core\.bundle_pool\plugins\org.eclipse.swt.win32.win32.x86_64_3.114.0.v20200304-0601.jar;C:\Users\Sina-\eclipse-workspace\.metadata\.plugins\org.eclipse.pde.core\.bundle_pool\plugins\org.eclipse.jface_3.19.0.v20200218-1607.jar;C:\Users\Sina-\eclipse-workspace\.metadata\.plugins\org.eclipse.pde.core\.bundle_pool\plugins\org.eclipse.core.commands_3.9.700.v20191217-1850.jar;C:\Users\Sina-\eclipse-workspace\.metadata\.plugins\org.eclipse.pde.core\.bundle_pool\plugins\org.eclipse.ui.workbench_3.118.0.v20200222-0719.jar;C:\Users\Sina-\eclipse-workspace\.metadata\.plugins\org.eclipse.pde.core\.bundle_pool\plugins\org.eclipse.e4.ui.workbench3_0.15.400.v20191216-0805.jar;C:\Users\Sina-\eclipse-workspace\.metadata\.plugins\org.eclipse.pde.core\.bundle_pool\plugins\org.eclipse.ui.console_3.9.100.v20200215-1209.jar;C:\Users\Sina-\eclipse-workspace\.metadata\.plugins\org.eclipse.pde.core\.bundle_pool\plugins\org.eclipse.ui.editors_3.13.100.v20200130-1507.jar;C:\Users\Sina-\eclipse-workspace\.metadata\.plugins\org.eclipse.pde.core\.bundle_pool\plugins\org.eclipse.core.filebuffers_3.6.900.v20200117-0616.jar;C:\Users\Sina-\eclipse-workspace\.metadata\.plugins\org.eclipse.pde.core\.bundle_pool\plugins\org.eclipse.ui.ide_3.17.0.v20200217-1511.jar;C:\Users\Sina-\eclipse-workspace\.metadata\.plugins\org.eclipse.pde.core\.bundle_pool\plugins\org.eclipse.e4.ui.ide_3.15.0.v20200113-2039.jar;C:\Users\Sina-\eclipse-workspace\.metadata\.plugins\org.eclipse.pde.core\.bundle_pool\plugins\org.eclipse.ui.workbench.texteditor_3.14.100.v20200212-1049.jar;C:\Users\Sina-\eclipse-workspace\.metadata\.plugins\org.eclipse.pde.core\.bundle_pool\plugins\org.eclipse.ui.views_3.10.200.v20200213-1442.jar;C:\Users\Sina-\eclipse-workspace\.metadata\.plugins\org.eclipse.pde.core\.bundle_pool\plugins\org.eclipse.debug.ui_3.14.400.v20200222-1431.jar;C:\Users\Sina-\eclipse-workspace\.metadata\.plugins\org.eclipse.pde.core\.bundle_pool\plugins\org.eclipse.debug.core_3.15.0.v20200224-0654.jar;C:\Users\Sina-\eclipse-workspace\.metadata\.plugins\org.eclipse.pde.core\.bundle_pool\plugins\org.eclipse.core.resources_3.13.700.v20200209-1624.jar;C:\Users\Sina-\eclipse-workspace\.metadata\.plugins\org.eclipse.pde.core\.bundle_pool\plugins\org.eclipse.e4.ui.css.swt.theme_0.12.600.v20200124-0005.jar;C:\Users\Sina-\Projects\Epsilon\org.eclipse.epsilon\plugins\org.eclipse.epsilon.erl.engine\bin;C:\Users\Sina-\Projects\Epsilon\org.eclipse.epsilon\plugins\org.eclipse.epsilon.eunit.engine\bin;C:\Users\Sina-\Projects\Epsilon\org.eclipse.epsilon\plugins\org.eclipse.epsilon.emc.emf\bin;C:\Users\Sina-\eclipse-workspace\.metadata\.plugins\org.eclipse.pde.core\.bundle_pool\plugins\org.eclipse.emf_2.8.0.v20180706-1146.jar;C:\Users\Sina-\eclipse-workspace\.metadata\.plugins\org.eclipse.pde.core\.bundle_pool\plugins\org.eclipse.emf.ecore_2.21.0.v20200127-1342.jar;C:\Users\Sina-\eclipse-workspace\.metadata\.plugins\org.eclipse.pde.core\.bundle_pool\plugins\org.eclipse.emf.common_2.18.0.v20191225-1014.jar;C:\Users\Sina-\eclipse-workspace\.metadata\.plugins\org.eclipse.pde.core\.bundle_pool\plugins\org.eclipse.emf.ecore.xmi_2.16.0.v20190528-0725.jar;C:\Users\Sina-\eclipse-workspace\.metadata\.plugins\org.eclipse.pde.core\.bundle_pool\plugins\org.eclipse.emf.ecore.change_2.14.0.v20190528-0725.jar;C:\Users\Sina-\eclipse-workspace\.metadata\.plugins\org.eclipse.pde.core\.bundle_pool\plugins\com.google.inject_3.0.0.v201605172100.jar;C:\Users\Sina-\eclipse-workspace\.metadata\.plugins\org.eclipse.pde.core\.bundle_pool\plugins\org.eclipse.xsd_2.17.0.v20191220-1010.jar;C:\Users\Sina-\eclipse-workspace\.metadata\.plugins\org.eclipse.pde.core\.bundle_pool\plugins\org.apache.commons.logging_1.2.0.v20180409-1502.jar;C:\Users\Sina-\Projects\Epsilon\org.eclipse.epsilon\plugins\org.eclipse.epsilon.hutn.engine\bin;C:\Users\Sina-\Projects\Epsilon\org.eclipse.epsilon\plugins\org.eclipse.epsilon.hutn.model\bin;C:\Users\Sina-\Projects\Epsilon\org.eclipse.epsilon\plugins\org.eclipse.epsilon.antlr.postprocessor.model\bin;C:\Users\Sina-\Projects\Epsilon\org.eclipse.epsilon\plugins\org.eclipse.epsilon.hutn.model.antlrAst\bin;C:\Users\Sina-\Projects\Epsilon\org.eclipse.epsilon\plugins\org.eclipse.epsilon.hutn.model.config\bin;C:\Users\Sina-\Projects\Epsilon\org.eclipse.epsilon\plugins\org.eclipse.epsilon.etl.engine\bin;C:\Users\Sina-\Projects\Epsilon\org.eclipse.epsilon\plugins\org.eclipse.epsilon.egl.engine\bin;C:\Users\Sina-\Projects\Epsilon\org.eclipse.epsilon\plugins\org.eclipse.epsilon.evl.engine\bin;C:\Users\Sina-\Projects\Epsilon\org.eclipse.epsilon\plugins\org.eclipse.epsilon.profiling\bin;C:\Users\Sina-\Projects\Epsilon\org.eclipse.epsilon\plugins\org.eclipse.epsilon.antlr.postprocessor\bin;C:\Users\Sina-\Projects\Epsilon\org.eclipse.epsilon\plugins\org.eclipse.epsilon.emc.plainxml\bin;C:\Users\Sina-\Projects\Epsilon\org.eclipse.epsilon\tests\org.eclipse.epsilon.test.dependencies\bin;C:\Users\Sina-\Projects\Epsilon\org.eclipse.epsilon\tests\org.eclipse.epsilon.test.dependencies\lib\gunit-1.0.2.jar;C:\Users\Sina-\Projects\Epsilon\org.eclipse.epsilon\tests\org.eclipse.epsilon.eol.engine.test.acceptance\bin;C:\Users\Sina-\Projects\Epsilon\org.eclipse.epsilon\tests\org.eclipse.epsilon.egl.engine.test.dependencies\bin;C:\Users\Sina-\Projects\Epsilon\org.eclipse.epsilon\tests\org.eclipse.epsilon.egl.engine.test.unit\bin;C:\Users\Sina-\Projects\Epsilon\org.eclipse.epsilon\tests\org.eclipse.epsilon.egl.engine.test.acceptance\bin;C:\Users\Sina-\Projects\Epsilon\org.eclipse.epsilon\tests\org.eclipse.epsilon.egl.traceability.fine.test.acceptance\bin;C:\Users\Sina-\Projects\Epsilon\org.eclipse.epsilon\plugins\org.eclipse.epsilon.egl.traceability.fine\bin;C:\Users\Sina-\Projects\Epsilon\org.eclipse.epsilon\tests\org.eclipse.epsilon.egl.traceability.fine.test.unit\bin;C:\Users\Sina-\Projects\Epsilon\org.eclipse.epsilon\tests\org.eclipse.epsilon.egl.engine.test\bin;C:\Users\Sina-\Projects\Epsilon\org.eclipse.epsilon\tests\org.eclipse.epsilon.egx.engine.test.acceptance\bin;C:\Users\Sina-\Projects\Epsilon\org.eclipse.epsilon\tests\org.eclipse.epsilon.test.fixtures.hutn\bin;C:\Users\Sina-\Projects\Epsilon\org.eclipse.epsilon\tests\org.eclipse.epsilon.hutn.test.dependencies.model\bin;C:\Users\Sina-\Projects\Epsilon\org.eclipse.epsilon\tests\org.eclipse.epsilon.egl.dt.test\bin;C:\Users\Sina-\Projects\Epsilon\org.eclipse.epsilon\plugins\org.eclipse.epsilon.egl.dt\bin;C:\Users\Sina-\Projects\Epsilon\org.eclipse.epsilon\plugins\org.eclipse.epsilon.eol.dt\bin;C:\Users\Sina-\Projects\Epsilon\org.eclipse.epsilon\plugins\org.eclipse.epsilon.erl.dt\bin;C:\Users\Sina-\Projects\Epsilon\org.eclipse.epsilon\tests\org.eclipse.epsilon.common.dt.test\bin;C:\Users\Sina-\Projects\Epsilon\org.eclipse.epsilon\tests\org.eclipse.epsilon.hutn.test.dependencies\bin;C:\Users\Sina-\eclipse-workspace\.metadata\.plugins\org.eclipse.pde.core\.bundle_pool\plugins\org.eclipse.uml2.uml_5.5.0.v20200302-1312.jar;C:\Users\Sina-\eclipse-workspace\.metadata\.plugins\org.eclipse.pde.core\.bundle_pool\plugins\org.eclipse.uml2.common_2.5.0.v20200302-1312.jar;C:\Users\Sina-\eclipse-workspace\.metadata\.plugins\org.eclipse.pde.core\.bundle_pool\plugins\org.eclipse.uml2.types_2.5.0.v20200302-1312.jar;C:\Users\Sina-\eclipse-workspace\.metadata\.plugins\org.eclipse.pde.core\.bundle_pool\plugins\org.eclipse.emf.mapping.ecore2xml_2.11.0.v20180706-1146.jar;C:\Users\Sina-\Projects\Epsilon\org.eclipse.epsilon\tests\org.eclipse.epsilon.hutn.test.acceptance\bin;C:\Users\Sina-\Projects\Epsilon\org.eclipse.epsilon\tests\org.eclipse.epsilon.hutn.test.unit\bin;C:\Users\Sina-\eclipse-workspace\.metadata\.plugins\org.eclipse.pde.core\.bundle_pool\plugins\org.eclipse.emf.ecore.editor_2.17.0.v20190528-0725.jar;C:\Users\Sina-\eclipse-workspace\.metadata\.plugins\org.eclipse.pde.core\.bundle_pool\plugins\org.eclipse.emf.ecore.edit_2.13.0.v20190822-1451.jar;C:\Users\Sina-\eclipse-workspace\.metadata\.plugins\org.eclipse.pde.core\.bundle_pool\plugins\org.eclipse.emf.edit_2.16.0.v20190920-0401.jar;C:\Users\Sina-\eclipse-workspace\.metadata\.plugins\org.eclipse.pde.core\.bundle_pool\plugins\org.eclipse.emf.edit.ui_2.18.0.v20200205-0529.jar;C:\Users\Sina-\eclipse-workspace\.metadata\.plugins\org.eclipse.pde.core\.bundle_pool\plugins\org.eclipse.emf.common.ui_2.18.0.v20190507-0402.jar;C:\Users\Sina-\Projects\Epsilon\org.eclipse.epsilon\plugins\org.eclipse.epsilon.emf.dt\bin;C:\Users\Sina-\Projects\Epsilon\org.eclipse.epsilon\plugins\org.eclipse.epsilon.emc.composite\bin;C:\Users\Sina-\Projects\Epsilon\org.eclipse.epsilon\plugins\org.eclipse.epsilon.ecl.engine\bin;C:\Users\Sina-\Projects\Epsilon\org.eclipse.epsilon\plugins\org.eclipse.epsilon.hutn.dt\bin;C:\Users\Sina-\Projects\Epsilon\org.eclipse.epsilon\tests\org.eclipse.epsilon.hutn.dt.test\bin;C:\Users\Sina-\Projects\Epsilon\org.eclipse.epsilon\tests\org.eclipse.epsilon.hutn.test\bin;C:\Users\Sina-\Projects\Epsilon\org.eclipse.epsilon\plugins\org.eclipse.epsilon.hutn.unparser\bin;C:\Users\Sina-\Projects\Epsilon\org.eclipse.epsilon\tests\org.eclipse.epsilon.hutn.unparser.test.unit\bin;C:\Users\Sina-\Projects\Epsilon\org.eclipse.epsilon\plugins\org.eclipse.epsilon.hutn.xmi\bin;C:\Users\Sina-\Projects\Epsilon\org.eclipse.epsilon\tests\org.eclipse.epsilon.hutn.xmi.test.unit\bin;C:\Users\Sina-\Projects\Epsilon\org.eclipse.epsilon\tests\org.eclipse.epsilon.hutn.xmi.test.integration\bin;C:\Users\Sina-\Projects\Epsilon\org.eclipse.epsilon\tests\org.eclipse.epsilon.hutn.xmi.test\bin;C:\Users\Sina-\eclipse-workspace\.metadata\.plugins\org.eclipse.pde.core\.bundle_pool\plugins\org.eclipse.emf.codegen.ecore_2.21.0.v20200112-0705.jar;C:\Users\Sina-\eclipse-workspace\.metadata\.plugins\org.eclipse.pde.core\.bundle_pool\plugins\org.eclipse.emf.codegen_2.19.0.v20190821-1536.jar;C:\Users\Sina-\Projects\Epsilon\org.eclipse.epsilon\tests\org.eclipse.epsilon.emc.emf.test\bin;C:\Users\Sina-\Projects\Epsilon\org.eclipse.epsilon\plugins\org.eclipse.epsilon.flock.engine\bin;C:\Users\Sina-\Projects\Epsilon\org.eclipse.epsilon\tests\org.eclipse.epsilon.flock.engine.test.unit\bin;C:\Users\Sina-\Projects\Epsilon\org.eclipse.epsilon\tests\org.eclipse.epsilon.flock.engine.test.acceptance\bin;C:\Users\Sina-\Projects\Epsilon\org.eclipse.epsilon\tests\org.eclipse.epsilon.flock.engine.test\bin;C:\Users\Sina-\Projects\Epsilon\org.eclipse.epsilon\tests\org.eclipse.epsilon.eol.engine.test.unit\bin;C:\Users\Sina-\Projects\Epsilon\org.eclipse.epsilon\tests\org.eclipse.epsilon.etl.engine.test.acceptance\bin;C:\Users\Sina-\Projects\Epsilon\org.eclipse.epsilon\plugins\org.eclipse.epsilon.emc.hutn\bin;C:\Users\Sina-\Projects\Epsilon\org.eclipse.epsilon\tests\org.eclipse.epsilon.emc.hutn.test\bin;C:\Users\Sina-\Projects\Epsilon\org.eclipse.epsilon\tests\org.eclipse.epsilon.emc.plainxml.test\bin;C:\Users\Sina-\Projects\Epsilon\org.eclipse.epsilon\tests\org.eclipse.epsilon.commons.test\bin;C:\Users\Sina-\eclipse-workspace\.metadata\.plugins\org.eclipse.pde.core\.bundle_pool\plugins\org.eclipse.ant.core_3.5.700.v20191221-1203.jar;C:\Users\Sina-\Projects\Epsilon\org.eclipse.epsilon\plugins\org.eclipse.epsilon.etl.dt\bin;C:\Users\Sina-\Projects\Epsilon\org.eclipse.epsilon\plugins\org.eclipse.epsilon.ecl.dt\bin;C:\Users\Sina-\Projects\Epsilon\org.eclipse.epsilon\plugins\org.eclipse.epsilon.evl.dt\bin;C:\Users\Sina-\Projects\Epsilon\org.eclipse.epsilon\plugins\org.eclipse.epsilon.profiling;C:\Users\Sina-\Projects\Epsilon\org.eclipse.epsilon\plugins\org.eclipse.epsilon.eml.engine\bin;C:\Users\Sina-\Projects\Epsilon\org.eclipse.epsilon\plugins\org.eclipse.epsilon.eml.dt\bin;C:\Users\Sina-\eclipse-workspace\.metadata\.plugins\org.eclipse.pde.core\.bundle_pool\plugins\org.apache.ant_1.10.7.v20190926-0324\lib\ant-antlr.jar;C:\Users\Sina-\eclipse-workspace\.metadata\.plugins\org.eclipse.pde.core\.bundle_pool\plugins\org.apache.ant_1.10.7.v20190926-0324\lib\ant-apache-bcel.jar;C:\Users\Sina-\eclipse-workspace\.metadata\.plugins\org.eclipse.pde.core\.bundle_pool\plugins\org.apache.ant_1.10.7.v20190926-0324\lib\ant-apache-bsf.jar;C:\Users\Sina-\eclipse-workspace\.metadata\.plugins\org.eclipse.pde.core\.bundle_pool\plugins\org.apache.ant_1.10.7.v20190926-0324\lib\ant-apache-log4j.jar;C:\Users\Sina-\eclipse-workspace\.metadata\.plugins\org.eclipse.pde.core\.bundle_pool\plugins\org.apache.ant_1.10.7.v20190926-0324\lib\ant-apache-oro.jar;C:\Users\Sina-\eclipse-workspace\.metadata\.plugins\org.eclipse.pde.core\.bundle_pool\plugins\org.apache.ant_1.10.7.v20190926-0324\lib\ant-apache-regexp.jar;C:\Users\Sina-\eclipse-workspace\.metadata\.plugins\org.eclipse.pde.core\.bundle_pool\plugins\org.apache.ant_1.10.7.v20190926-0324\lib\ant-apache-resolver.jar;C:\Users\Sina-\eclipse-workspace\.metadata\.plugins\org.eclipse.pde.core\.bundle_pool\plugins\org.apache.ant_1.10.7.v20190926-0324\lib\ant-apache-xalan2.jar;C:\Users\Sina-\eclipse-workspace\.metadata\.plugins\org.eclipse.pde.core\.bundle_pool\plugins\org.apache.ant_1.10.7.v20190926-0324\lib\ant-commons-logging.jar;C:\Users\Sina-\eclipse-workspace\.metadata\.plugins\org.eclipse.pde.core\.bundle_pool\plugins\org.apache.ant_1.10.7.v20190926-0324\lib\ant-commons-net.jar;C:\Users\Sina-\eclipse-workspace\.metadata\.plugins\org.eclipse.pde.core\.bundle_pool\plugins\org.apache.ant_1.10.7.v20190926-0324\lib\ant-imageio.jar;C:\Users\Sina-\eclipse-workspace\.metadata\.plugins\org.eclipse.pde.core\.bundle_pool\plugins\org.apache.ant_1.10.7.v20190926-0324\lib\ant-jai.jar;C:\Users\Sina-\eclipse-workspace\.metadata\.plugins\org.eclipse.pde.core\.bundle_pool\plugins\org.apache.ant_1.10.7.v20190926-0324\lib\ant-javamail.jar;C:\Users\Sina-\eclipse-workspace\.metadata\.plugins\org.eclipse.pde.core\.bundle_pool\plugins\org.apache.ant_1.10.7.v20190926-0324\lib\ant-jdepend.jar;C:\Users\Sina-\eclipse-workspace\.metadata\.plugins\org.eclipse.pde.core\.bundle_pool\plugins\org.apache.ant_1.10.7.v20190926-0324\lib\ant-jmf.jar;C:\Users\Sina-\eclipse-workspace\.metadata\.plugins\org.eclipse.pde.core\.bundle_pool\plugins\org.apache.ant_1.10.7.v20190926-0324\lib\ant-jsch.jar;C:\Users\Sina-\eclipse-workspace\.metadata\.plugins\org.eclipse.pde.core\.bundle_pool\plugins\org.apache.ant_1.10.7.v20190926-0324\lib\ant-junit.jar;C:\Users\Sina-\eclipse-workspace\.metadata\.plugins\org.eclipse.pde.core\.bundle_pool\plugins\org.apache.ant_1.10.7.v20190926-0324\lib\ant-junit4.jar;C:\Users\Sina-\eclipse-workspace\.metadata\.plugins\org.eclipse.pde.core\.bundle_pool\plugins\org.apache.ant_1.10.7.v20190926-0324\lib\ant-junitlauncher.jar;C:\Users\Sina-\eclipse-workspace\.metadata\.plugins\org.eclipse.pde.core\.bundle_pool\plugins\org.apache.ant_1.10.7.v20190926-0324\lib\ant-launcher.jar;C:\Users\Sina-\eclipse-workspace\.metadata\.plugins\org.eclipse.pde.core\.bundle_pool\plugins\org.apache.ant_1.10.7.v20190926-0324\lib\ant-netrexx.jar;C:\Users\Sina-\eclipse-workspace\.metadata\.plugins\org.eclipse.pde.core\.bundle_pool\plugins\org.apache.ant_1.10.7.v20190926-0324\lib\ant-swing.jar;C:\Users\Sina-\eclipse-workspace\.metadata\.plugins\org.eclipse.pde.core\.bundle_pool\plugins\org.apache.ant_1.10.7.v20190926-0324\lib\ant-testutil.jar;C:\Users\Sina-\eclipse-workspace\.metadata\.plugins\org.eclipse.pde.core\.bundle_pool\plugins\org.apache.ant_1.10.7.v20190926-0324\lib\ant-xz.jar;C:\Users\Sina-\eclipse-workspace\.metadata\.plugins\org.eclipse.pde.core\.bundle_pool\plugins\org.apache.ant_1.10.7.v20190926-0324\lib\ant.jar;C:\Users\Sina-\Projects\Epsilon\org.eclipse.epsilon\plugins\org.eclipse.epsilon.epl.engine\bin;C:\Users\Sina-\Projects\Epsilon\org.eclipse.epsilon\plugins\org.eclipse.epsilon.epl.dt\bin;C:\Users\Sina-\Projects\Epsilon\org.eclipse.epsilon\plugins\org.eclipse.epsilon.workflow\bin;C:\Users\Sina-\Projects\Epsilon\org.eclipse.epsilon\plugins\org.eclipse.epsilon.workflow.emf\bin;C:\Users\Sina-\Projects\Epsilon\org.eclipse.epsilon\tests\org.eclipse.epsilon.workflow.test\bin;C:\Users\Sina-\Projects\Epsilon\org.eclipse.epsilon\tests\org.eclipse.epsilon.evl.engine.test.acceptance\bin;C:\Users\Sina-\Projects\Epsilon\org.eclipse.epsilon\tests\org.eclipse.epsilon.ecl.engine.test.acceptance\bin;C:\Users\Sina-\Projects\Epsilon\org.eclipse.epsilon\tests\org.eclipse.epsilon.eml.engine.test.acceptance\bin;C:\Users\Sina-\Projects\Epsilon\org.eclipse.epsilon\plugins\org.eclipse.epsilon.ewl.engine\bin;C:\Users\Sina-\Projects\Epsilon\org.eclipse.epsilon\tests\org.eclipse.epsilon.ewl.engine.test.acceptance\bin;C:\Users\Sina-\Projects\Epsilon\org.eclipse.epsilon\tests\org.eclipse.epsilon.emc.bibtex.test\bin;C:\Users\Sina-\Projects\Epsilon\org.eclipse.epsilon\plugins\org.eclipse.epsilon.emc.bibtex\bin;C:\Users\Sina-\Projects\Epsilon\org.eclipse.epsilon\tests\org.eclipse.epsilon.egl.dt.traceability.editor.test\bin;C:\Users\Sina-\Projects\Epsilon\org.eclipse.epsilon\plugins\org.eclipse.epsilon.egl.dt.traceability.editor\bin;C:\Users\Sina-\Projects\Epsilon\org.eclipse.epsilon\plugins\org.eclipse.epsilon.egl.dt.traceability.fine.emf\bin;C:\Users\Sina-\Projects\Epsilon\org.eclipse.epsilon\tests\org.eclipse.epsilon.emc.graphml.tests\bin;C:\Users\Sina-\Projects\Epsilon\org.eclipse.epsilon\plugins\org.eclipse.epsilon.emc.graphml\bin;C:\Users\Sina-\eclipse-workspace\.metadata\.plugins\org.eclipse.pde.core\.bundle_pool\plugins\org.jdom_1.1.1.v201101151400.jar;C:\Users\Sina-\Projects\Epsilon\org.eclipse.epsilon\plugins\org.eclipse.epsilon.emc.muddle\bin;C:\Users\Sina-\eclipse-workspace\.metadata\.plugins\org.eclipse.pde.core\.bundle_pool\plugins\com.google.guava_27.1.0.v20190517-1946.jar;C:\Users\Sina-\eclipse-workspace\.metadata\.plugins\org.eclipse.pde.core\.bundle_pool\plugins\org.apache.commons.lang3_3.1.0.v201403281430.jar;C:\Users\Sina-\Projects\Epsilon\org.eclipse.epsilon\plugins\org.eclipse.epsilon.flexmi\bin;C:\Users\Sina-\Projects\Epsilon\org.eclipse.epsilon\tests\org.eclipse.epsilon.flexmi.test\bin;C:\Users\Sina-\Projects\Epsilon\org.eclipse.epsilon\tests\org.eclipse.epsilon.epl.engine.test.acceptance\bin;C:\Users\Sina-\Projects\Epsilon\org.eclipse.epsilon\tests\org.eclipse.epsilon.emc.spreadsheets.test\bin;C:\Users\Sina-\eclipse-workspace\.metadata\.plugins\org.eclipse.pde.core\.bundle_pool\plugins\org.apache.commons.collections_3.2.2.v201511171945.jar;C:\Users\Sina-\eclipse-workspace\.metadata\.plugins\org.eclipse.pde.core\.bundle_pool\plugins\org.slf4j.api_1.7.2.v20121108-1250.jar;C:\Users\Sina-\Projects\Epsilon\org.eclipse.epsilon\plugins\org.eclipse.epsilon.emc.spreadsheets\bin;C:\Users\Sina-\Projects\Epsilon\org.eclipse.epsilon\plugins\org.eclipse.epsilon.emc.spreadsheets.excel\bin;C:\Users\Sina-\eclipse-workspace\.metadata\.plugins\org.eclipse.pde.core\.bundle_pool\plugins\org.dom4j_1.6.1.v20190321-1528.jar;C:\Users\Sina-\Projects\Epsilon\org.eclipse.epsilon\plugins\org.apache.xmlbeans_2.6.0;C:\Users\Sina-\Projects\Epsilon\org.eclipse.epsilon\plugins\org.apache.poi.ooxml.schemas_3.10.1;C:\Users\Sina-\Projects\Epsilon\org.eclipse.epsilon\plugins\org.apache.poi_3.10.1;C:\Users\Sina-\Projects\Epsilon\org.eclipse.epsilon\plugins\org.apache.poi.ooxml_3.10.1;C:\Users\Sina-\Projects\Epsilon\org.eclipse.epsilon\plugins\org.eclipse.epsilon.emc.spreadsheets.google\bin;C:\Users\Sina-\Projects\Epsilon\org.eclipse.epsilon\plugins\com.google.gdata_1.47.1;C:\Users\Sina-\eclipse-workspace\.metadata\.plugins\org.eclipse.pde.core\.bundle_pool\plugins\org.apache.commons.csv_1.4.0.v20190617-1333.jar;C:\Users\Sina-\Projects\Epsilon\org.eclipse.epsilon\plugins\org.eclipse.epsilon.emc.csv\bin;C:\Users\Sina-\Projects\Epsilon\org.eclipse.epsilon\plugins\org.eclipse.epsilon.emc.csv.dt\bin;C:\Users\Sina-\Projects\Epsilon\org.eclipse.epsilon\plugins\org.eclipse.epsilon.workflow.csv\bin;C:\Users\Sina-\eclipse-workspace\.metadata\.plugins\org.eclipse.pde.core\.bundle_pool\plugins\org.eclipse.gmf.map_2.9.0.201409171321.jar;C:\Users\Sina-\eclipse-workspace\.metadata\.plugins\org.eclipse.pde.core\.bundle_pool\plugins\org.eclipse.gmf.graphdef_2.9.0.201409171321.jar;C:\Users\Sina-\eclipse-workspace\.metadata\.plugins\org.eclipse.pde.core\.bundle_pool\plugins\org.eclipse.gmf.tooldef_2.3.0.201409171321.jar;C:\Users\Sina-\eclipse-workspace\.metadata\.plugins\org.eclipse.pde.core\.bundle_pool\plugins\org.eclipse.gmf.codegen_2.11.0.201409171321.jar;C:\Users\Sina-\eclipse-workspace\.metadata\.plugins\org.eclipse.pde.core\.bundle_pool\plugins\org.eclipse.gmf.common_1.3.0.201409171321.jar;C:\Users\Sina-\eclipse-workspace\.metadata\.plugins\org.eclipse.pde.core\.bundle_pool\plugins\org.eclipse.gmf.bridge.ui_1.5.1.201409171321.jar;C:\Users\Sina-\eclipse-workspace\.metadata\.plugins\org.eclipse.pde.core\.bundle_pool\plugins\org.eclipse.emf.emfatic.core_0.8.0.202003241508.jar;C:\Users\Sina-\eclipse-workspace\.metadata\.plugins\org.eclipse.pde.core\.bundle_pool\plugins\org.eclipse.compare.core_3.6.800.v20191213-2246.jar;C:\Users\Sina-\eclipse-workspace\.metadata\.plugins\org.eclipse.pde.core\.bundle_pool\plugins\org.eclipse.gmf.tooling.runtime_3.2.0.201409171321.jar;C:\Users\Sina-\eclipse-workspace\.metadata\.plugins\org.eclipse.pde.core\.bundle_pool\plugins\org.eclipse.draw2d_3.10.100.201606061308.jar;C:\Users\Sina-\eclipse-workspace\.metadata\.plugins\org.eclipse.pde.core\.bundle_pool\plugins\org.eclipse.gef_3.11.0.201606061308.jar;C:\Users\Sina-\eclipse-workspace\.metadata\.plugins\org.eclipse.pde.core\.bundle_pool\plugins\org.eclipse.gmf.runtime.diagram.ui.properties_1.7.0.201912020813.jar;C:\Users\Sina-\eclipse-workspace\.metadata\.plugins\org.eclipse.pde.core\.bundle_pool\plugins\org.eclipse.gmf.runtime.common.ui_1.8.1.201912020813.jar;C:\Users\Sina-\eclipse-workspace\.metadata\.plugins\org.eclipse.pde.core\.bundle_pool\plugins\org.eclipse.gmf.runtime.common.core_1.7.0.201912020813.jar;C:\Users\Sina-\eclipse-workspace\.metadata\.plugins\org.eclipse.pde.core\.bundle_pool\plugins\org.eclipse.team.core_3.8.900.v20200211-0946.jar;C:\Users\Sina-\eclipse-workspace\.metadata\.plugins\org.eclipse.pde.core\.bundle_pool\plugins\org.eclipse.ui.views.properties.tabbed_3.8.800.v20200213-1442.jar;C:\Users\Sina-\eclipse-workspace\.metadata\.plugins\org.eclipse.pde.core\.bundle_pool\plugins\org.eclipse.ui.forms_3.9.0.v20200213-1442.jar;C:\Users\Sina-\eclipse-workspace\.metadata\.plugins\org.eclipse.pde.core\.bundle_pool\plugins\org.eclipse.gmf.runtime.emf.ui_1.7.0.201912020813.jar;C:\Users\Sina-\eclipse-workspace\.metadata\.plugins\org.eclipse.pde.core\.bundle_pool\plugins\org.eclipse.gmf.runtime.common.ui.action_1.7.0.201912020813.jar;C:\Users\Sina-\eclipse-workspace\.metadata\.plugins\org.eclipse.pde.core\.bundle_pool\plugins\org.eclipse.gmf.runtime.common.ui.services.action_1.7.0.201912020813.jar;C:\Users\Sina-\eclipse-workspace\.metadata\.plugins\org.eclipse.pde.core\.bundle_pool\plugins\org.eclipse.gmf.runtime.common.ui.services_1.9.0.201912020813.jar;C:\Users\Sina-\eclipse-workspace\.metadata\.plugins\org.eclipse.pde.core\.bundle_pool\plugins\org.eclipse.gmf.runtime.emf.type.core_1.9.0.201912020813.jar;C:\Users\Sina-\eclipse-workspace\.metadata\.plugins\org.eclipse.pde.core\.bundle_pool\plugins\org.eclipse.gmf.runtime.emf.commands.core_1.7.0.201912020813.jar;C:\Users\Sina-\eclipse-workspace\.metadata\.plugins\org.eclipse.pde.core\.bundle_pool\plugins\org.eclipse.emf.workspace_1.5.1.201805140824.jar;C:\Users\Sina-\eclipse-workspace\.metadata\.plugins\org.eclipse.pde.core\.bundle_pool\plugins\org.eclipse.emf.transaction_1.9.1.201805140824.jar;C:\Users\Sina-\eclipse-workspace\.metadata\.plugins\org.eclipse.pde.core\.bundle_pool\plugins\org.eclipse.emf.validation_1.8.0.201812070911.jar;C:\Users\Sina-\eclipse-workspace\.metadata\.plugins\org.eclipse.pde.core\.bundle_pool\plugins\org.eclipse.gmf.runtime.emf.core_1.7.0.201912020813.jar;C:\Users\Sina-\eclipse-workspace\.metadata\.plugins\org.eclipse.pde.core\.bundle_pool\plugins\org.eclipse.gmf.runtime.emf.clipboard.core_1.7.0.201912020813.jar;C:\Users\Sina-\eclipse-workspace\.metadata\.plugins\org.eclipse.pde.core\.bundle_pool\plugins\org.eclipse.gmf.runtime.emf.ui.properties_1.7.0.201912020813.jar;C:\Users\Sina-\eclipse-workspace\.metadata\.plugins\org.eclipse.pde.core\.bundle_pool\plugins\org.eclipse.gmf.runtime.common.ui.services.properties_1.9.0.201912020813.jar;C:\Users\Sina-\eclipse-workspace\.metadata\.plugins\org.eclipse.pde.core\.bundle_pool\plugins\org.eclipse.gmf.runtime.diagram.ui_1.8.0.201912020813.jar;C:\Users\Sina-\eclipse-workspace\.metadata\.plugins\org.eclipse.pde.core\.bundle_pool\plugins\org.eclipse.gmf.runtime.gef.ui_1.7.0.201912020813.jar;C:\Users\Sina-\eclipse-workspace\.metadata\.plugins\org.eclipse.pde.core\.bundle_pool\plugins\org.eclipse.gmf.runtime.draw2d.ui_1.9.0.201912020813.jar;C:\Users\Sina-\eclipse-workspace\.metadata\.plugins\org.eclipse.pde.core\.bundle_pool\plugins\org.eclipse.gmf.runtime.notation_1.9.0.201805221301.jar;C:\Users\Sina-\eclipse-workspace\.metadata\.plugins\org.eclipse.pde.core\.bundle_pool\plugins\org.eclipse.gmf.runtime.diagram.core_1.7.0.201912020813.jar;C:\Users\Sina-\Projects\Epsilon\org.eclipse.epsilon\plugins\org.eclipse.epsilon.eugenia\bin;C:\Users\Sina-\Projects\Epsilon\org.eclipse.epsilon\plugins\org.eclipse.epsilon.workflow.eugenia\bin;C:\Users\Sina-\eclipse-workspace\.metadata\.plugins\org.eclipse.pde.core\.bundle_pool\plugins\org.eclipse.compare_3.7.900.v20200129-0902.jar;C:\Users\Sina-\Projects\Epsilon\org.eclipse.epsilon\plugins\org.eclipse.epsilon.eunit.dt\bin;C:\Users\Sina-\Projects\Epsilon\org.eclipse.epsilon\plugins\org.eclipse.epsilon.eunit.dt.cmp.emf\bin;C:\Users\Sina-\Projects\Epsilon\org.eclipse.epsilon\plugins\org.eclipse.epsilon.eunit.dt.diff.emf\bin;C:\Users\Sina-\Projects\Epsilon\org.eclipse.epsilon\plugins\org.eclipse.epsilon.eunit.dt.diff.files\bin;C:\Users\Sina-\eclipse-workspace\.metadata\.plugins\org.eclipse.pde.core\.bundle_pool\plugins\org.eclipse.gmf.bridge_1.3.1.201409171321.jar;C:\Users\Sina-\eclipse-workspace\.metadata\.plugins\org.eclipse.pde.core\.bundle_pool\plugins\org.eclipse.gmf.graphdef.codegen_2.10.0.201409171321.jar;C:\Users\Sina-\eclipse-workspace\.metadata\.plugins\org.eclipse.pde.core\.bundle_pool\plugins\org.eclipse.gmf.bridge.trace_1.3.0.201409171321.jar;C:\Users\Sina-\Projects\Epsilon\org.eclipse.epsilon\tests\org.eclipse.epsilon.emc.csv.test\bin;C:\Users\Sina-\Projects\Epsilon\org.eclipse.epsilon\plugins\org.eclipse.epsilon.emc.simulink.common\bin;C:\Users\Sina-\Projects\Epsilon\org.eclipse.epsilon\plugins\org.eclipse.epsilon.emc.simulink\bin;C:\Users\Sina-\Projects\Epsilon\org.eclipse.epsilon\tests\org.eclipse.epsilon.emc.simulink.common.test\bin;C:\Users\Sina-\eclipse-workspace\.metadata\.plugins\org.eclipse.pde.core\.bundle_pool\plugins\org.apache.commons.io_2.6.0.v20190123-2029.jar;C:\Users\Sina-\Projects\Epsilon\org.eclipse.epsilon\tests\org.eclipse.epsilon.emc.simulink.test\bin;C:\Users\Sina-\Projects\Epsilon\org.eclipse.epsilon\tests\org.eclipse.epsilon.test.unit\bin;C:\Users\Sina-\eclipse\configuration\org.eclipse.osgi\2966\0\.cp;C:\Users\Sina-\eclipse\configuration\org.eclipse.osgi\2965\0\.cp"/><property name="com.ibm.oti.shared.enabled" value="false"/><property name="java.vm.specification.version" value="1.8"/><property name="sun.arch.data.model" value="64"/><property name="sun.java.command" value="org.eclipse.jdt.internal.junit.runner.RemoteTestRunner -version 3 -port 51838 -testLoaderClass org.eclipse.jdt.internal.junit4.runner.JUnit4TestLoader -loaderpluginname org.eclipse.jdt.junit4.runtime -classNames org.eclipse.epsilon.test.EpsilonTestSuite"/><property name="java.home" value="C:\Program Files\Java\jdk-8.0.222.10-openj9\jre"/><property name="user.language" value="en"/><property name="ibm.signalhandling.sigint" value="true"/><property name="java.specification.vendor" value="Oracle Corporation"/><property name="os.encoding" value="UTF8"/><property name="awt.toolkit" value="sun.awt.windows.WToolkit"/><property name="java.vm.info" value="JRE 1.8.0 Windows 10 amd64-64-Bit Compressed References 20190717_421 (JIT enabled, AOT enabled)&#10;OpenJ9   - 0f66c6431&#10;OMR      - ec782f26&#10;JCL      - f147086df1e based on jdk8u222-b10"/><property name="java.version" value="1.8.0_222"/><property name="java.ext.dirs" value="C:\Program Files\Java\jdk-8.0.222.10-openj9\jre\lib\ext"/><property name="sun.boot.class.path" value="C:\Program Files\Java\jdk-8.0.222.10-openj9\jre\bin\compressedrefs\jclSC180\vm.jar;C:\Program Files\Java\jdk-8.0.222.10-openj9\jre\lib\se-service.jar;C:\Program Files\Java\jdk-8.0.222.10-openj9\jre\lib\rt.jar;C:\Program Files\Java\jdk-8.0.222.10-openj9\jre\lib\resources.jar;C:\Program Files\Java\jdk-8.0.222.10-openj9\jre\lib\jsse.jar;C:\Program Files\Java\jdk-8.0.222.10-openj9\jre\lib\charsets.jar;C:\Program Files\Java\jdk-8.0.222.10-openj9\jre\lib\jce.jar"/><property name="java.vendor" value="Eclipse OpenJ9"/><property name="jdk.extensions.version" value="8.0.222.0"/><property name="file.separator" value="\"/><property name="java.compiler" value="j9jit29"/><property name="sun.cpu.endian" value="little"/><property name="sun.io.unicode.encoding" value="UnicodeLittle"/><property name="ibm.signalhandling.sigchain" value="true"/><property name="com.ibm.zero.version" value="2"/><property name="sun.desktop" value="windows"/></properties><testcase classname="default.ParallelFirstOrderOperationEquivalenceTests" name="testParallelSelectEquivalence" time="0.00600000"/><testcase classname="default.ParallelFirstOrderOperationEquivalenceTests" name="testParallelRejectEquivalence" time="0.00700000"/><testcase classname="default.ParallelFirstOrderOperationEquivalenceTests" name="testParallelSelectOneEquivalence" time="0.00500000"/><testcase classname="default.ParallelFirstOrderOperationEquivalenceTests" name="testParallelRejectOneEquivalence" time="0.00800000"/><testcase classname="default.ParallelFirstOrderOperationEquivalenceTests" name="testParallelExistsEquivalence" time="0.00800000"/><testcase classname="default.ParallelFirstOrderOperationEquivalenceTests" name="testParallelOneEquivalence" time="0.00900000"/><testcase classname="default.ParallelFirstOrderOperationEquivalenceTests" name="testParallelNoneEquivalence" time="0.00800000"/><testcase classname="default.ParallelFirstOrderOperationEquivalenceTests" name="testParallelAtMostNMatchEquivalence" time="0.0120000"/><testcase classname="default.ParallelFirstOrderOperationEquivalenceTests" name="testParallelAtLeastNMatchEquivalence" time="0.00600000"/><testcase classname="default.ParallelFirstOrderOperationEquivalenceTests" name="testParallelNMatchEquivalence" time="0.00800000"/><testcase classname="default.ParallelFirstOrderOperationEquivalenceTests" name="testParallelCountEquivalence" time="0.0110000"/><testcase classname="default.ParallelFirstOrderOperationEquivalenceTests" name="testParallelForAllEquivalence" time="0.0120000"/><testcase classname="default.ParallelFirstOrderOperationEquivalenceTests" name="testParallelCollectEquivalence" time="0.00500000"/><testcase classname="default.ParallelFirstOrderOperationEquivalenceTests" name="testParallelSortByEquivalence" time="0.00400000"/><testcase classname="default.ParallelFirstOrderOperationEquivalenceTests" name="testParallelSortByEquivalence" time="0.00500000"/><testcase classname="default.ParallelFirstOrderOperationEquivalenceTests" name="testParallelMapByEquivalence" time="0.0550000"/><system-out/><system-err/></testsuite>